INFO     05/08/2015 03:48:03 PM starting
INFO     05/08/2015 03:48:03 PM starting trial 0
INFO     05/08/2015 03:48:04 PM starting trial 1
INFO     05/08/2015 03:48:04 PM starting trial 2
INFO     05/08/2015 03:48:04 PM starting trial 3
INFO     05/08/2015 03:48:04 PM starting trial 4
INFO     05/08/2015 03:48:04 PM starting trial 5
INFO     05/08/2015 03:48:04 PM starting trial 6
INFO     05/08/2015 03:48:04 PM starting trial 7
INFO     05/08/2015 03:48:05 PM starting trial 8
INFO     05/08/2015 03:48:05 PM starting trial 9
INFO     05/08/2015 03:48:05 PM finishing
INFO     05/09/2015 10:00:43 AM starting
INFO     05/09/2015 10:00:43 AM starting trial 0
INFO     05/09/2015 10:00:44 AM starting trial 1
INFO     05/09/2015 10:00:44 AM starting trial 2
INFO     05/09/2015 10:00:44 AM starting trial 3
INFO     05/09/2015 10:00:44 AM starting trial 4
INFO     05/09/2015 10:00:44 AM starting trial 5
INFO     05/09/2015 10:00:44 AM starting trial 6
INFO     05/09/2015 10:00:44 AM starting trial 7
INFO     05/09/2015 10:00:44 AM starting trial 8
INFO     05/09/2015 10:00:44 AM starting trial 9
INFO     05/09/2015 10:00:45 AM finishing
INFO     05/09/2015 10:01:22 AM starting
INFO     05/09/2015 10:01:22 AM starting trial 0
INFO     05/09/2015 10:01:22 AM starting trial 1
INFO     05/09/2015 10:01:22 AM starting trial 2
INFO     05/09/2015 10:01:22 AM starting trial 3
INFO     05/09/2015 10:01:22 AM starting trial 4
INFO     05/09/2015 10:01:22 AM starting trial 5
INFO     05/09/2015 10:01:22 AM starting trial 6
INFO     05/09/2015 10:01:22 AM starting trial 7
INFO     05/09/2015 10:01:23 AM starting trial 8
INFO     05/09/2015 10:01:23 AM starting trial 9
INFO     05/09/2015 10:01:23 AM starting trial 10
INFO     05/09/2015 10:01:23 AM starting trial 11
INFO     05/09/2015 10:01:23 AM starting trial 12
INFO     05/09/2015 10:01:23 AM starting trial 13
INFO     05/09/2015 10:01:23 AM starting trial 14
INFO     05/09/2015 10:01:23 AM finishing
INFO     05/09/2015 10:01:48 AM starting
INFO     05/09/2015 10:01:48 AM starting trial 0
INFO     05/09/2015 10:01:48 AM starting trial 1
INFO     05/09/2015 10:01:48 AM starting trial 2
INFO     05/09/2015 10:01:48 AM starting trial 3
INFO     05/09/2015 10:01:48 AM starting trial 4
INFO     05/09/2015 10:01:48 AM starting trial 5
INFO     05/09/2015 10:01:48 AM starting trial 6
INFO     05/09/2015 10:01:48 AM starting trial 7
INFO     05/09/2015 10:01:49 AM starting trial 8
INFO     05/09/2015 10:01:49 AM starting trial 9
INFO     05/09/2015 10:01:49 AM starting trial 10
INFO     05/09/2015 10:01:49 AM starting trial 11
INFO     05/09/2015 10:01:49 AM starting trial 12
INFO     05/09/2015 10:01:49 AM starting trial 13
INFO     05/09/2015 10:01:49 AM starting trial 14
INFO     05/09/2015 10:01:49 AM starting trial 0
INFO     05/09/2015 10:01:49 AM starting trial 1
INFO     05/09/2015 10:01:50 AM starting trial 2
INFO     05/09/2015 10:01:52 AM starting
INFO     05/09/2015 10:01:52 AM starting trial 0
INFO     05/09/2015 10:01:52 AM starting trial 1
INFO     05/09/2015 10:01:52 AM starting trial 2
INFO     05/09/2015 10:01:53 AM starting trial 3
INFO     05/09/2015 10:01:53 AM starting trial 4
INFO     05/09/2015 10:01:53 AM starting trial 5
INFO     05/09/2015 10:01:53 AM starting trial 6
INFO     05/09/2015 10:01:53 AM starting trial 7
INFO     05/09/2015 10:01:53 AM starting trial 8
INFO     05/09/2015 10:01:53 AM starting trial 9
INFO     05/09/2015 10:01:53 AM starting trial 10
INFO     05/09/2015 10:01:53 AM starting trial 11
INFO     05/09/2015 10:01:53 AM starting trial 12
INFO     05/09/2015 10:01:54 AM starting trial 13
INFO     05/09/2015 10:01:54 AM starting trial 14
INFO     05/09/2015 10:01:54 AM starting trial 0
INFO     05/09/2015 10:01:54 AM starting trial 1
INFO     05/09/2015 10:01:54 AM starting trial 2
INFO     05/09/2015 10:01:54 AM starting trial 3
INFO     05/09/2015 10:01:54 AM starting trial 4
INFO     05/09/2015 10:01:54 AM starting trial 5
INFO     05/09/2015 10:01:54 AM starting trial 6
INFO     05/09/2015 10:01:54 AM starting trial 7
INFO     05/09/2015 10:01:55 AM starting trial 8
INFO     05/09/2015 10:01:55 AM starting trial 9
INFO     05/09/2015 10:01:55 AM starting trial 10
INFO     05/09/2015 10:01:55 AM starting trial 11
INFO     05/09/2015 10:01:55 AM starting trial 12
INFO     05/09/2015 10:01:55 AM starting trial 13
INFO     05/09/2015 10:01:55 AM starting trial 14
INFO     05/09/2015 10:01:55 AM finishing
INFO     05/09/2015 10:02:07 AM starting
INFO     05/09/2015 10:02:07 AM starting trial 0
INFO     05/09/2015 10:02:07 AM starting trial 1
INFO     05/09/2015 10:02:07 AM starting trial 2
INFO     05/09/2015 10:02:07 AM starting trial 3
INFO     05/09/2015 10:02:07 AM starting trial 4
INFO     05/09/2015 10:02:07 AM starting trial 5
INFO     05/09/2015 10:02:07 AM starting trial 6
INFO     05/09/2015 10:02:08 AM starting trial 7
INFO     05/09/2015 10:02:08 AM starting trial 8
INFO     05/09/2015 10:02:08 AM starting trial 9
INFO     05/09/2015 10:02:08 AM starting trial 10
INFO     05/09/2015 10:02:08 AM starting trial 11
INFO     05/09/2015 10:02:08 AM starting trial 12
INFO     05/09/2015 10:02:08 AM starting trial 13
INFO     05/09/2015 10:02:08 AM starting trial 14
INFO     05/09/2015 10:02:08 AM starting trial 0
INFO     05/09/2015 10:02:08 AM starting trial 1
INFO     05/09/2015 10:02:09 AM starting trial 2
INFO     05/09/2015 10:02:09 AM starting trial 3
INFO     05/09/2015 10:02:09 AM starting trial 4
INFO     05/09/2015 10:02:09 AM starting trial 5
INFO     05/09/2015 10:02:09 AM starting trial 6
INFO     05/09/2015 10:02:09 AM starting trial 7
INFO     05/09/2015 10:02:09 AM starting trial 8
INFO     05/09/2015 10:02:09 AM starting trial 9
INFO     05/09/2015 10:02:09 AM starting trial 10
INFO     05/09/2015 10:02:10 AM starting trial 11
INFO     05/09/2015 10:02:10 AM starting trial 12
INFO     05/09/2015 10:02:10 AM starting trial 13
INFO     05/09/2015 10:02:10 AM starting trial 14
INFO     05/09/2015 10:02:10 AM starting trial 0
INFO     05/09/2015 10:02:10 AM starting trial 1
INFO     05/09/2015 10:02:10 AM starting trial 2
INFO     05/09/2015 10:02:10 AM starting trial 3
INFO     05/09/2015 10:02:11 AM starting trial 4
INFO     05/09/2015 10:02:11 AM starting trial 5
INFO     05/09/2015 10:02:11 AM starting trial 6
INFO     05/09/2015 10:02:11 AM starting trial 7
INFO     05/09/2015 10:02:11 AM starting trial 8
INFO     05/09/2015 10:02:11 AM starting trial 9
INFO     05/09/2015 10:02:11 AM starting trial 10
INFO     05/09/2015 10:02:11 AM starting trial 11
INFO     05/09/2015 10:02:11 AM starting trial 12
INFO     05/09/2015 10:02:12 AM starting trial 13
INFO     05/09/2015 10:02:12 AM starting trial 14
INFO     05/09/2015 10:02:12 AM starting trial 0
INFO     05/09/2015 10:02:12 AM starting trial 1
INFO     05/09/2015 10:02:12 AM starting trial 2
INFO     05/09/2015 10:02:12 AM starting trial 3
INFO     05/09/2015 10:02:12 AM starting trial 4
INFO     05/09/2015 10:02:12 AM starting trial 5
INFO     05/09/2015 10:02:13 AM starting trial 6
INFO     05/09/2015 10:02:13 AM starting trial 7
INFO     05/09/2015 10:02:13 AM starting trial 8
INFO     05/09/2015 10:02:13 AM starting trial 9
INFO     05/09/2015 10:02:13 AM starting trial 10
INFO     05/09/2015 10:02:13 AM starting trial 11
INFO     05/09/2015 10:02:13 AM starting trial 12
INFO     05/09/2015 10:02:13 AM starting trial 13
INFO     05/09/2015 10:02:14 AM starting trial 14
INFO     05/09/2015 10:02:14 AM starting trial 0
INFO     05/09/2015 10:02:14 AM starting trial 1
INFO     05/09/2015 10:02:14 AM starting trial 2
INFO     05/09/2015 10:02:14 AM starting trial 3
INFO     05/09/2015 10:02:14 AM starting trial 4
INFO     05/09/2015 10:02:14 AM starting trial 5
INFO     05/09/2015 10:02:14 AM starting trial 6
INFO     05/09/2015 10:02:15 AM starting trial 7
INFO     05/09/2015 10:02:15 AM starting trial 8
INFO     05/09/2015 10:02:15 AM starting trial 9
INFO     05/09/2015 10:02:15 AM starting trial 10
INFO     05/09/2015 10:02:15 AM starting trial 11
INFO     05/09/2015 10:02:15 AM starting trial 12
INFO     05/09/2015 10:02:15 AM starting trial 13
INFO     05/09/2015 10:02:15 AM starting trial 14
INFO     05/09/2015 10:02:15 AM finishing
INFO     05/09/2015 10:15:41 AM starting
INFO     05/09/2015 10:15:52 AM starting
INFO     05/09/2015 10:15:52 AM starting trial 0
INFO     05/09/2015 10:15:52 AM starting trial 1
INFO     05/09/2015 10:15:52 AM starting trial 2
INFO     05/09/2015 10:15:53 AM starting trial 3
INFO     05/09/2015 10:15:53 AM starting trial 4
INFO     05/09/2015 10:15:53 AM starting trial 5
INFO     05/09/2015 10:15:53 AM starting trial 6
INFO     05/09/2015 10:15:53 AM starting trial 7
INFO     05/09/2015 10:15:53 AM starting trial 8
INFO     05/09/2015 10:15:53 AM starting trial 9
INFO     05/09/2015 10:15:53 AM starting trial 10
INFO     05/09/2015 10:15:53 AM starting trial 11
INFO     05/09/2015 10:15:53 AM starting trial 12
INFO     05/09/2015 10:15:54 AM starting trial 13
INFO     05/09/2015 10:15:54 AM starting trial 14
INFO     05/09/2015 10:15:54 AM starting trial 0
INFO     05/09/2015 10:15:54 AM starting trial 1
INFO     05/09/2015 10:15:54 AM starting trial 2
INFO     05/09/2015 10:15:54 AM starting trial 3
INFO     05/09/2015 10:15:54 AM starting trial 4
